<?xml version="1.0" encoding="UTF-8"?>
<!-- Generated by org.testng.reporters.JUnitReportReporter -->
<testsuite hostname="AFSWWNXC1N3TBA" failures="0" tests="1" name="com.TeamCalendarBackend.SpringBoot.service.UserServiceTests" time="0.030" errors="0" timestamp="2023-02-07T17:56:35 EST" skipped="0">
  <testcase classname="com.TeamCalendarBackend.SpringBoot.service.UserServiceTests" name="setup" time="0.030"/>
  <system-out/>
</testsuite> <!-- com.TeamCalendarBackend.SpringBoot.service.UserServiceTests -->
