<?xml version="1.0" encoding="UTF-8"?>
<!-- Generated by org.testng.reporters.JUnitReportReporter -->
<testsuite hostname="AFSWWNXC1N3TBA" failures="0" tests="8" name="com.TeamCalendarBackend.SpringBoot.service.EventServiceTests" time="0.136" errors="0" timestamp="2023-02-08T11:06:22 EST" skipped="0">
  <testcase classname="com.TeamCalendarBackend.SpringBoot.service.EventServiceTests" name="ShouldDeleteUser" time="0.054"/>
  <system-out/>
  <testcase classname="com.TeamCalendarBackend.SpringBoot.service.EventServiceTests" name="shouldUpdateEvent" time="0.010"/>
  <system-out/>
  <testcase classname="com.TeamCalendarBackend.SpringBoot.service.EventServiceTests" name="cannotDeleteEvent" time="0.006"/>
  <system-out/>
  <testcase classname="com.TeamCalendarBackend.SpringBoot.service.EventServiceTests" name="shouldFindAllEvents" time="0.015"/>
  <system-out/>
  <testcase classname="com.TeamCalendarBackend.SpringBoot.service.EventServiceTests" name="shouldFindEventById" time="0.010"/>
  <system-out/>
  <testcase classname="com.TeamCalendarBackend.SpringBoot.service.EventServiceTests" name="cannotFindEventById" time="0.008"/>
  <system-out/>
  <testcase classname="com.TeamCalendarBackend.SpringBoot.service.EventServiceTests" name="cannotUpdateEvent" time="0.006"/>
  <system-out/>
  <testcase classname="com.TeamCalendarBackend.SpringBoot.service.EventServiceTests" name="shouldCreateEvent" time="0.027"/>
  <system-out/>
</testsuite> <!-- com.TeamCalendarBackend.SpringBoot.service.EventServiceTests -->
